2019-10-23 12:38:13,863 [Worker-1: Loading available Gradle versions] INFO  o.e.b.c.i.u.g.PublishedGradleVersions - Gradle version information cache is not available. Remote download required.
2019-10-25 14:29:31,676 [Worker-6: Loading available Gradle versions] INFO  o.e.b.c.i.u.g.PublishedGradleVersions - Gradle version information cache is out-of-date. Trying to update.
2019-11-12 16:21:17,707 [Worker-0: Loading available Gradle versions] INFO  o.e.b.c.i.u.g.PublishedGradleVersions - Gradle version information cache is out-of-date. Trying to update.
2019-11-12 22:15:42,087 [Worker-0: Loading available Gradle versions] INFO  o.e.b.c.i.u.g.PublishedGradleVersions - Gradle version information cache is up-to-date. Trying to read.
2019-11-16 14:45:27,727 [Worker-1: Loading available Gradle versions] INFO  o.e.b.c.i.u.g.PublishedGradleVersions - Gradle version information cache is out-of-date. Trying to update.
2019-11-16 14:46:34,261 [Worker-5: Loading available Gradle versions] INFO  o.e.b.c.i.u.g.PublishedGradleVersions - Gradle version information cache is up-to-date. Trying to read.
2019-11-18 10:26:52,864 [Worker-3: Loading available Gradle versions] INFO  o.e.b.c.i.u.g.PublishedGradleVersions - Gradle version information cache is out-of-date. Trying to update.
2019-11-18 10:26:53,220 [Worker-3: Loading available Gradle versions] INFO  o.e.b.c.i.u.g.PublishedGradleVersions - Updating Gradle version information cache failed. Using outdated cache.
2019-11-18 22:42:27,167 [Worker-5: Loading available Gradle versions] INFO  o.e.b.c.i.u.g.PublishedGradleVersions - Gradle version information cache is out-of-date. Trying to update.
2019-11-19 20:15:36,817 [Worker-3: Loading available Gradle versions] INFO  o.e.b.c.i.u.g.PublishedGradleVersions - Gradle version information cache is up-to-date. Trying to read.
2019-11-20 16:10:46,498 [Worker-1: Loading available Gradle versions] INFO  o.e.b.c.i.u.g.PublishedGradleVersions - Gradle version information cache is out-of-date. Trying to update.
2019-11-20 21:03:45,814 [Worker-4: Loading available Gradle versions] INFO  o.e.b.c.i.u.g.PublishedGradleVersions - Gradle version information cache is up-to-date. Trying to read.
2019-11-20 21:15:17,892 [Worker-0: Loading available Gradle versions] INFO  o.e.b.c.i.u.g.PublishedGradleVersions - Gradle version information cache is up-to-date. Trying to read.
2019-11-21 12:10:45,205 [Worker-1: Loading available Gradle versions] INFO  o.e.b.c.i.u.g.PublishedGradleVersions - Gradle version information cache is up-to-date. Trying to read.
2019-11-22 12:37:30,440 [Worker-0: Loading available Gradle versions] INFO  o.e.b.c.i.u.g.PublishedGradleVersions - Gradle version information cache is out-of-date. Trying to update.
2019-11-22 12:37:40,802 [Worker-0: Loading available Gradle versions] INFO  o.e.b.c.i.u.g.PublishedGradleVersions - Updating Gradle version information cache failed. Using outdated cache.
2019-11-22 15:31:38,423 [Worker-1: Loading available Gradle versions] INFO  o.e.b.c.i.u.g.PublishedGradleVersions - Gradle version information cache is out-of-date. Trying to update.
2019-11-28 22:37:19,013 [Worker-2: Loading available Gradle versions] INFO  o.e.b.c.i.u.g.PublishedGradleVersions - Gradle version information cache is out-of-date. Trying to update.
2019-12-06 22:02:55,208 [Worker-3: Loading available Gradle versions] INFO  o.e.b.c.i.u.g.PublishedGradleVersions - Gradle version information cache is out-of-date. Trying to update.
2019-12-07 21:06:43,964 [main] ERROR o.e.m.j.u.i.DownloadSourcesActionDelegate - Could not schedule source download
org.eclipse.jdt.core.JavaModelException: bin/nestedClass [in MyPrograms] is not on its project's build path
	at org.eclipse.jdt.internal.core.JavaElement.newJavaModelException(JavaElement.java:583) ~[na:na]
	at org.eclipse.jdt.internal.core.Openable.generateInfos(Openable.java:256) ~[na:na]
	at org.eclipse.jdt.internal.core.JavaElement.openWhenClosed(JavaElement.java:596) ~[na:na]
	at org.eclipse.jdt.internal.core.JavaElement.getElementInfo(JavaElement.java:326) ~[na:na]
	at org.eclipse.jdt.internal.core.JavaElement.getElementInfo(JavaElement.java:312) ~[na:na]
	at org.eclipse.jdt.internal.core.PackageFragmentRoot.getKind(PackageFragmentRoot.java:516) ~[na:na]
	at org.eclipse.jdt.internal.core.PackageFragmentRoot.getSourceAttachmentPath(PackageFragmentRoot.java:641) ~[na:na]
	at org.eclipse.m2e.jdt.ui.internal.DownloadSourcesActionDelegate.setActiveEditor(DownloadSourcesActionDelegate.java:51) ~[na:na]
	at org.eclipse.ui.internal.EditorPluginAction.editorChanged(EditorPluginAction.java:69) ~[na:na]
	at org.eclipse.ui.internal.EditorActionBuilder$EditorContribution.editorChanged(EditorActionBuilder.java:78) ~[na:na]
	at org.eclipse.ui.internal.EditorActionBuilder$ExternalContributor.setActiveEditor(EditorActionBuilder.java:124) ~[na:na]
	at org.eclipse.ui.internal.EditorActionBars.partChanged(EditorActionBars.java:338) ~[na:na]
	at org.eclipse.ui.internal.WorkbenchPage.updateActivations(WorkbenchPage.java:324) ~[na:na]
	at org.eclipse.ui.internal.WorkbenchPage.access$2(WorkbenchPage.java:305) ~[na:na]
	at org.eclipse.ui.internal.WorkbenchPage$E4PartListener.partActivated(WorkbenchPage.java:213) ~[na:na]
	at org.eclipse.e4.ui.internal.workbench.PartServiceImpl$3.run(PartServiceImpl.java:253) ~[na:na]
	at org.eclipse.core.runtime.SafeRunner.run(SafeRunner.java:45) ~[org.eclipse.equinox.common_3.10.500.v20190815-1535.jar:na]
	at org.eclipse.e4.ui.internal.workbench.PartServiceImpl.firePartActivated(PartServiceImpl.java:250) ~[na:na]
	at org.eclipse.e4.ui.internal.workbench.PartServiceImpl.activate(PartServiceImpl.java:774) ~[na:na]
	at org.eclipse.e4.ui.internal.workbench.PartServiceImpl.activate(PartServiceImpl.java:683) ~[na:na]
	at org.eclipse.e4.ui.internal.workbench.PartServiceImpl.activate(PartServiceImpl.java:678) ~[na:na]
	at org.eclipse.ui.internal.WorkbenchPage.busyOpenEditor(WorkbenchPage.java:3213) ~[na:na]
	at org.eclipse.ui.internal.WorkbenchPage.lambda$9(WorkbenchPage.java:3110) ~[na:na]
	at org.eclipse.swt.custom.BusyIndicator.showWhile(BusyIndicator.java:72) ~[org.eclipse.swt.win32.win32.x86_64_3.112.0.v20190904-0609.jar:na]
	at org.eclipse.ui.internal.WorkbenchPage.openEditor(WorkbenchPage.java:3108) ~[na:na]
	at org.eclipse.ui.internal.WorkbenchPage.openEditor(WorkbenchPage.java:3078) ~[na:na]
	at org.eclipse.ui.internal.WorkbenchPage.openEditor(WorkbenchPage.java:3061) ~[na:na]
	at org.eclipse.ui.ide.IDE.openEditorOnFileStore(IDE.java:1377) ~[na:na]
	at org.eclipse.ui.internal.ide.EditorAreaDropAdapter.asyncDrop(EditorAreaDropAdapter.java:134) ~[na:na]
	at org.eclipse.ui.internal.ide.EditorAreaDropAdapter.lambda$0(EditorAreaDropAdapter.java:87) ~[na:na]
	at org.eclipse.swt.widgets.RunnableLock.run(RunnableLock.java:40) ~[org.eclipse.swt.win32.win32.x86_64_3.112.0.v20190904-0609.jar:na]
	at org.eclipse.swt.widgets.Synchronizer.runAsyncMessages(Synchronizer.java:185) ~[org.eclipse.swt.win32.win32.x86_64_3.112.0.v20190904-0609.jar:na]
	at org.eclipse.swt.widgets.Display.runAsyncMessages(Display.java:3961) ~[org.eclipse.swt.win32.win32.x86_64_3.112.0.v20190904-0609.jar:na]
	at org.eclipse.swt.widgets.Display.readAndDispatch(Display.java:3588) ~[org.eclipse.swt.win32.win32.x86_64_3.112.0.v20190904-0609.jar:na]
	at org.eclipse.e4.ui.internal.workbench.swt.PartRenderingEngine$5.run(PartRenderingEngine.java:1160) ~[na:na]
	at org.eclipse.core.databinding.observable.Realm.runWithDefault(Realm.java:338) ~[na:na]
	at org.eclipse.e4.ui.internal.workbench.swt.PartRenderingEngine.run(PartRenderingEngine.java:1049) ~[na:na]
	at org.eclipse.e4.ui.internal.workbench.E4Workbench.createAndRunUI(E4Workbench.java:155) ~[na:na]
	at org.eclipse.ui.internal.Workbench.lambda$3(Workbench.java:633) ~[na:na]
	at org.eclipse.core.databinding.observable.Realm.runWithDefault(Realm.java:338) ~[na:na]
	at org.eclipse.ui.internal.Workbench.createAndRunWorkbench(Workbench.java:557) ~[na:na]
	at org.eclipse.ui.PlatformUI.createAndRunWorkbench(PlatformUI.java:150) ~[na:na]
	at org.eclipse.ui.internal.ide.application.IDEApplication.start(IDEApplication.java:150) ~[na:na]
	at org.eclipse.equinox.internal.app.EclipseAppHandle.run(EclipseAppHandle.java:203) ~[org.eclipse.equinox.app_1.4.300.v20190815-1535.jar:na]
	at org.eclipse.core.runtime.internal.adaptor.EclipseAppLauncher.runApplication(EclipseAppLauncher.java:137) ~[org.eclipse.osgi_3.15.0.v20190830-1434.jar:na]
	at org.eclipse.core.runtime.internal.adaptor.EclipseAppLauncher.start(EclipseAppLauncher.java:107) ~[org.eclipse.osgi_3.15.0.v20190830-1434.jar:na]
	at org.eclipse.core.runtime.adaptor.EclipseStarter.run(EclipseStarter.java:400) ~[org.eclipse.osgi_3.15.0.v20190830-1434.jar:na]
	at org.eclipse.core.runtime.adaptor.EclipseStarter.run(EclipseStarter.java:255) ~[org.eclipse.osgi_3.15.0.v20190830-1434.jar:na]
	at java.base/jdk.internal.reflect.NativeMethodAccessorImpl.invoke0(Native Method) ~[na:na]
	at java.base/jdk.internal.reflect.NativeMethodAccessorImpl.invoke(NativeMethodAccessorImpl.java:62) ~[na:na]
	at java.base/jdk.internal.reflect.DelegatingMethodAccessorImpl.invoke(DelegatingMethodAccessorImpl.java:43) ~[na:na]
	at java.base/java.lang.reflect.Method.invoke(Method.java:567) ~[na:na]
	at org.eclipse.equinox.launcher.Main.invokeFramework(Main.java:660) ~[org.eclipse.equinox.launcher_1.5.500.v20190715-1310.jar:na]
	at org.eclipse.equinox.launcher.Main.basicRun(Main.java:597) ~[org.eclipse.equinox.launcher_1.5.500.v20190715-1310.jar:na]
	at org.eclipse.equinox.launcher.Main.run(Main.java:1468) ~[org.eclipse.equinox.launcher_1.5.500.v20190715-1310.jar:na]
